f:\programy\przepływ\przepływ\release\main.obj
f:\programy\przepływ\przepływ\release\graf.obj
f:\programy\przepływ\przepływ\release\vc100.pdb
f:\programy\przepływ\release\przepływ.exe
f:\programy\przepływ\przepływ\release\przepływ.exe.intermediate.manifest
f:\programy\przepływ\release\przepływ.pdb
d:\programy\przepływ\przepływ\release\vc140.pdb
d:\programy\przepływ\przepływ\release\main.obj
d:\programy\przepływ\przepływ\release\graf.obj
d:\programy\przepływ\przepływ\release\przepływ.vcxprojresolveassemblyreference.cache
d:\programy\przepływ\przepływ\release\cl.command.1.tlog
d:\programy\przepływ\przepływ\release\cl.read.1.tlog
d:\programy\przepływ\przepływ\release\cl.write.1.tlog
d:\programy\przepływ\przepływ\release\link.command.1.tlog
d:\programy\przepływ\przepływ\release\link.read.1.tlog
d:\programy\przepływ\przepływ\release\link.write.1.tlog
d:\programy\przepływ\przepływ\release\mt.command.1.tlog
d:\programy\przepływ\przepływ\release\mt.read.1.tlog
d:\programy\przepływ\przepływ\release\mt.write.1.tlog
d:\programy\przepływ\przepływ\release\przepływ.write.1.tlog
d:\programy\przepływ\przepływ\release\przepływ.exe.intermediate.manifest
d:\programy\przepływ\przepływ\release\vc100.pdb
d:\programy\przepływ\release\przepływ.pdb
d:\programy\przepływ\przepływ\release\przepływ.tlog\cl.command.1.tlog
d:\programy\przepływ\przepływ\release\przepływ.tlog\cl.read.1.tlog
d:\programy\przepływ\przepływ\release\przepływ.tlog\cl.write.1.tlog
d:\programy\przepływ\przepływ\release\przepływ.tlog\link-cvtres.read.1.tlog
d:\programy\przepływ\przepływ\release\przepływ.tlog\link-cvtres.write.1.tlog
d:\programy\przepływ\przepływ\release\przepływ.tlog\link-rc.read.1.tlog
d:\programy\przepływ\przepływ\release\przepływ.tlog\link-rc.write.1.tlog
d:\programy\przepływ\przepływ\release\przepływ.tlog\link.command.1.tlog
d:\programy\przepływ\przepływ\release\przepływ.tlog\link.read.1.tlog
d:\programy\przepływ\przepływ\release\przepływ.tlog\link.write.1.tlog
